2019-11-17 23:34:05,416 [restartedMain] INFO  com.zq.Application [StartupInfoLogger.java : 48] - Starting Application on Fly with PID 5504 (D:\Eclipse\project\XinfuPrimary\target\classes started by Administrator in D:\Eclipse\project\XinfuPrimary)
2019-11-17 23:34:05,418 [restartedMain] INFO  com.zq.Application [SpringApplication.java : 593] - No active profile set, falling back to default profiles: default
2019-11-17 23:34:05,568 [restartedMain] INFO  o.s.b.c.e.AnnotationConfigEmbeddedWebApplicationContext [AbstractApplicationContext.java : 583] - Refreshing org.springframework.boot.context.embedded.AnnotationConfigEmbeddedWebApplicationContext@5418c630: startup date [Sun Nov 17 23:34:05 CST 2019]; root of context hierarchy
2019-11-17 23:34:06,398 [background-preinit] INFO  o.h.validator.internal.util.Version [Version.java : 30] - HV000001: Hibernate Validator 5.3.6.Final
2019-11-17 23:34:08,783 [restartedMain] INFO  o.s.b.f.a.AutowiredAnnotationBeanPostProcessor [AutowiredAnnotationBeanPostProcessor.java : 155] - JSR-330 'javax.inject.Inject' annotation found and supported for autowiring
2019-11-17 23:34:10,813 [restartedMain] INFO  o.s.b.c.e.t.TomcatEmbeddedServletContainer [TomcatEmbeddedServletContainer.java : 89] - Tomcat initialized with port(s): 80 (http)
2019-11-17 23:34:10,847 [restartedMain] INFO  o.a.catalina.core.StandardService [DirectJDKLog.java : 179] - Starting service [Tomcat]
2019-11-17 23:34:10,849 [restartedMain] INFO  o.a.catalina.core.StandardEngine [DirectJDKLog.java : 179] - Starting Servlet Engine: Apache Tomcat/8.5.23
2019-11-17 23:34:11,197 [localhost-startStop-1] INFO  o.a.c.c.C.[Tomcat].[localhost].[/] [DirectJDKLog.java : 179] - Initializing Spring embedded WebApplicationContext
2019-11-17 23:34:11,197 [localhost-startStop-1] INFO  o.s.web.context.ContextLoader [EmbeddedWebApplicationContext.java : 276] - Root WebApplicationContext: initialization completed in 5629 ms
2019-11-17 23:34:11,623 [localhost-startStop-1] INFO  o.s.b.w.s.ServletRegistrationBean [ServletRegistrationBean.java : 190] - Mapping servlet: 'dispatcherServlet' to [/]
2019-11-17 23:34:11,633 [localhost-startStop-1] INFO  o.s.b.w.s.FilterRegistrationBean [AbstractFilterRegistrationBean.java : 258] - Mapping filter: 'characterEncodingFilter' to: [/*]
2019-11-17 23:34:11,634 [localhost-startStop-1] INFO  o.s.b.w.s.FilterRegistrationBean [AbstractFilterRegistrationBean.java : 258] - Mapping filter: 'hiddenHttpMethodFilter' to: [/*]
2019-11-17 23:34:11,637 [localhost-startStop-1] INFO  o.s.b.w.s.FilterRegistrationBean [AbstractFilterRegistrationBean.java : 258] - Mapping filter: 'httpPutFormContentFilter' to: [/*]
2019-11-17 23:34:11,638 [localhost-startStop-1] INFO  o.s.b.w.s.FilterRegistrationBean [AbstractFilterRegistrationBean.java : 258] - Mapping filter: 'requestContextFilter' to: [/*]
2019-11-17 23:34:13,134 [restartedMain] INFO  o.s.w.s.m.m.a.RequestMappingHandlerAdapter [RequestMappingHandlerAdapter.java : 534] - Looking for @ControllerAdvice: org.springframework.boot.context.embedded.AnnotationConfigEmbeddedWebApplicationContext@5418c630: startup date [Sun Nov 17 23:34:05 CST 2019]; root of context hierarchy
2019-11-17 23:34:13,347 [restartedMain] INFO  o.s.w.s.m.m.a.RequestMappingHandlerMapping [AbstractHandlerMethodMapping.java : 543] - Mapped "{[/]}" onto public java.lang.String com.zq.controller.QrobjectController.index() throws java.lang.Exception
2019-11-17 23:34:13,349 [restartedMain] INFO  o.s.w.s.m.m.a.RequestMappingHandlerMapping [AbstractHandlerMethodMapping.java : 543] - Mapped "{[/qrobjects/{id}],methods=[DELETE]}" onto public java.lang.String com.zq.controller.QrobjectController.deleteQrobject(int) throws java.lang.Exception
2019-11-17 23:34:13,351 [restartedMain] INFO  o.s.w.s.m.m.a.RequestMappingHandlerMapping [AbstractHandlerMethodMapping.java : 543] - Mapped "{[/qrobjects],methods=[GET]}" onto public java.lang.String com.zq.controller.QrobjectController.listQrobject()
2019-11-17 23:34:13,357 [restartedMain] INFO  o.s.w.s.m.m.a.RequestMappingHandlerMapping [AbstractHandlerMethodMapping.java : 543] - Mapped "{[/qrobjects/{id}],methods=[PUT]}" onto public java.lang.String com.zq.controller.QrobjectController.updateQrobject(com.zq.pojo.Qrobject) throws java.lang.Exception
2019-11-17 23:34:13,359 [restartedMain] INFO  o.s.w.s.m.m.a.RequestMappingHandlerMapping [AbstractHandlerMethodMapping.java : 543] - Mapped "{[/qrobjects/{id}],methods=[GET]}" onto public java.lang.String com.zq.controller.QrobjectController.getOne(int)
2019-11-17 23:34:13,361 [restartedMain] INFO  o.s.w.s.m.m.a.RequestMappingHandlerMapping [AbstractHandlerMethodMapping.java : 543] - Mapped "{[/qrobjects],methods=[POST]}" onto public java.lang.String com.zq.controller.QrobjectController.addQrobject(com.zq.pojo.Qrobject) throws java.lang.Exception
2019-11-17 23:34:13,364 [restartedMain] INFO  o.s.w.s.m.m.a.RequestMappingHandlerMapping [AbstractHandlerMethodMapping.java : 543] - Mapped "{[/error]}" onto public org.springframework.http.ResponseEntity<java.util.Map<java.lang.String, java.lang.Object>> org.springframework.boot.autoconfigure.web.BasicErrorController.error(javax.servlet.http.HttpServletRequest)
2019-11-17 23:34:13,365 [restartedMain] INFO  o.s.w.s.m.m.a.RequestMappingHandlerMapping [AbstractHandlerMethodMapping.java : 543] - Mapped "{[/error],produces=[text/html]}" onto public org.springframework.web.servlet.ModelAndView org.springframework.boot.autoconfigure.web.BasicErrorController.errorHtml(javax.servlet.http.HttpServletRequest,javax.servlet.http.HttpServletResponse)
2019-11-17 23:34:13,501 [restartedMain] INFO  o.s.w.s.h.SimpleUrlHandlerMapping [AbstractUrlHandlerMapping.java : 362] - Mapped URL path [/webjars/**] onto handler of type [class org.springframework.web.servlet.resource.ResourceHttpRequestHandler]
2019-11-17 23:34:13,503 [restartedMain] INFO  o.s.w.s.h.SimpleUrlHandlerMapping [AbstractUrlHandlerMapping.java : 362] - Mapped URL path [/**] onto handler of type [class org.springframework.web.servlet.resource.ResourceHttpRequestHandler]
2019-11-17 23:34:13,647 [restartedMain] INFO  o.s.w.s.h.SimpleUrlHandlerMapping [AbstractUrlHandlerMapping.java : 362] - Mapped URL path [/**/favicon.ico] onto handler of type [class org.springframework.web.servlet.resource.ResourceHttpRequestHandler]
2019-11-17 23:34:14,431 [restartedMain] INFO  o.s.b.d.a.OptionalLiveReloadServer [OptionalLiveReloadServer.java : 58] - LiveReload server is running on port 35729
2019-11-17 23:34:14,565 [restartedMain] INFO  o.s.j.e.a.AnnotationMBeanExporter [MBeanExporter.java : 431] - Registering beans for JMX exposure on startup
2019-11-17 23:34:14,643 [restartedMain] INFO  o.a.coyote.http11.Http11NioProtocol [DirectJDKLog.java : 179] - Initializing ProtocolHandler ["http-nio-80"]
2019-11-17 23:34:14,686 [restartedMain] INFO  o.a.coyote.http11.Http11NioProtocol [DirectJDKLog.java : 179] - Starting ProtocolHandler ["http-nio-80"]
2019-11-17 23:34:14,723 [restartedMain] INFO  o.a.tomcat.util.net.NioSelectorPool [DirectJDKLog.java : 179] - Using a shared selector for servlet write/read
2019-11-17 23:34:14,800 [restartedMain] INFO  o.s.b.c.e.t.TomcatEmbeddedServletContainer [TomcatEmbeddedServletContainer.java : 201] - Tomcat started on port(s): 80 (http)
2019-11-17 23:34:14,809 [restartedMain] INFO  com.zq.Application [StartupInfoLogger.java : 57] - Started Application in 10.163 seconds (JVM running for 11.285)
